<?xml version="1.0" encoding="UTF-8"?>
<!-- Generated by org.testng.reporters.JUnitReportReporter -->
<testsuite skipped="0" hostname="Alex" name="SanityTests.electronDemo" tests="1" failures="0" timestamp="08 Jul 2020 15:56:51 GMT" time="0.689" errors="0">
  <testcase name="test01_verifyResolution" time="0.689" classname="SanityTests.electronDemo"/>
</testsuite> <!-- SanityTests.electronDemo -->
