<?xml version="1.0" encoding="UTF-8"?>
<!-- Generated by org.testng.reporters.JUnitReportReporter -->
<testsuite skipped="0" hostname="Alex" name="SanityTests.grafanaAPI" tests="3" failures="0" timestamp="08 Jul 2020 21:34:14 GMT" time="0.508" errors="0">
  <testcase name="test03_DeleteTeamAndVerify" time="0.141" classname="SanityTests.grafanaAPI"/>
  <testcase name="test01_AddTeamAndVerify" time="0.227" classname="SanityTests.grafanaAPI"/>
  <testcase name="test02_UpdateTeamAndVerify" time="0.140" classname="SanityTests.grafanaAPI"/>
</testsuite> <!-- SanityTests.grafanaAPI -->
