<?xml version="1.0" encoding="UTF-8"?>
<!-- Generated by org.testng.reporters.JUnitReportReporter -->
<testsuite skipped="0" hostname="Alex" name="SanityTests.grafanaWebDB" tests="1" failures="0" timestamp="01 Jul 2020 18:51:22 GMT" time="1.959" errors="0">
  <testcase name="test01_login" time="1.959" classname="SanityTests.grafanaWebDB"/>
</testsuite> <!-- SanityTests.grafanaWebDB -->
