<?xml version="1.0" encoding="UTF-8"?>
<!-- Generated by org.testng.reporters.JUnitReportReporter -->
<testsuite skipped="0" hostname="Alex" name="SanityTests.grafanaAPI" tests="3" failures="0" timestamp="02 Jul 2020 10:31:01 GMT" time="0.444" errors="0">
  <testcase name="test02_UpdateTeamAndVerify" time="0.109" classname="SanityTests.grafanaAPI"/>
  <testcase name="test01_AddTeamAndVerify" time="0.219" classname="SanityTests.grafanaAPI"/>
  <testcase name="test03_DeleteTeamAndVerify" time="0.116" classname="SanityTests.grafanaAPI"/>
</testsuite> <!-- SanityTests.grafanaAPI -->
