<?xml version="1.0" encoding="UTF-8"?>
<!-- Generated by org.testng.reporters.JUnitReportReporter -->
<testsuite skipped="0" hostname="Alex" name="SanityTests.grafanaWebDB" tests="1" failures="0" timestamp="08 Jul 2020 21:33:12 GMT" time="1.669" errors="0">
  <testcase name="test01_login" time="1.669" classname="SanityTests.grafanaWebDB"/>
</testsuite> <!-- SanityTests.grafanaWebDB -->
